0 silly input [ 'publish' ]
1 silly flags { _: [ 'publish' ], sort: true, concurrency: 4 }
2 verbose rootPath /Users/fanqi/Documents/mine/lucefer/phone-ui
3 info version 2.0.0-rc.5
4 info versioning independent
5 silly isInitialized
6 silly isInitialized true
7 silly existsSync /Users/fanqi/Documents/mine/lucefer/phone-ui/VERSION
8 silly initialize attempt
9 silly getUpdates
10 info Checking for updated packages...
11 silly hasTags
12 verbose hasTags true
13 silly getLastTag
14 verbose getLastTag phone-button@1.0.2-0
15 info Comparing with tag phone-button@1.0.2-0
16 silly getLastTaggedCommitInBranch
17 silly getLastTag
18 verbose getLastTag phone-button@1.0.2-0
19 verbose getLastTaggedCommitInBranch c369cc58f7d1a3f041301e1e4dafe04e2e43996f
20 silly describeTag c369cc58f7d1a3f041301e1e4dafe04e2e43996f
21 silly describeTag phone-button@1.0.2-0
22 silly diffSinceIn phone-button@1.0.2-0 /Users/fanqi/Documents/mine/lucefer/phone-ui/packages/button
23 silly diff packages/button/src/button.vue
24 silly diffSinceIn phone-button@1.0.2-0 /Users/fanqi/Documents/mine/lucefer/phone-ui/packages/more
25 silly diff
26 silly diffSinceIn phone-button@1.0.2-0 /Users/fanqi/Documents/mine/lucefer/phone-ui/packages/toast
27 silly diff packages/toast/src/toast.js
28 verbose updated phone-button
29 verbose updated toast
30 silly collectDependents
31 silly isPackageDependentOf phone-button phone-button
32 silly isPackageDependentOf phone-button toast
33 silly isPackageDependentOf more phone-button
34 silly isPackageDependentOf more toast
35 silly isPackageDependentOf toast phone-button
36 silly isPackageDependentOf toast toast
37 silly collectUpdates
38 verbose has filtered update phone-button
39 verbose has filtered update toast
40 verbose initialize exited early
